# JRE version: OpenJDK Runtime Environment Temurin-17.0.7+7 (17.0.7+7) (build 17.0.7+7)
# Java VM: OpenJDK 64-Bit Server VM Temurin-17.0.7+7 (17.0.7+7, mixed mode, sharing, tiered, compressed oops, compressed class ptrs, g1 gc, windows-amd64)
GC Precious Log:
 CPUs: 8 total, 8 available
 Memory: 7103M
 Large Page Support: Disabled
 NUMA Support: Disabled
 Compressed Oops: Enabled (32-bit)
 Heap Region Size: 1M
 Heap Min Capacity: 8M
 Heap Initial Capacity: 112M
 Heap Max Capacity: 1776M
 Pre-touch: Disabled
 Parallel Workers: 8
 Concurrent Workers: 2
 Concurrent Refinement Workers: 8
 Periodic GC: Disabled
Heap:
 garbage-first heap   total 48128K, used 26281K [0x0000000091000000, 0x0000000100000000)
  region size 1024K, 5 young (5120K), 2 survivors (2048K)
 Metaspace       used 59924K, committed 60416K, reserved 1114112K
  class space    used 8120K, committed 8320K, reserved 1048576K
GC Heap History (20 events):
Event: 5.825 GC heap before
{Heap before GC invocations=6 (full 0):
 garbage-first heap   total 48128K, used 33943K [0x0000000091000000, 0x0000000100000000)
  region size 1024K, 20 young (20480K), 1 survivors (1024K)
 Metaspace       used 29312K, committed 29696K, reserved 1114112K
  class space    used 3788K, committed 3968K, reserved 1048576K
}
Event: 5.829 GC heap after
{Heap after GC invocations=7 (full 0):
 garbage-first heap   total 48128K, used 16448K [0x0000000091000000, 0x0000000100000000)
  region size 1024K, 3 young (3072K), 3 survivors (3072K)
 Metaspace       used 29312K, committed 29696K, reserved 1114112K
  class space    used 3788K, committed 3968K, reserved 1048576K
}
Event: 6.485 GC heap before
{Heap before GC invocations=7 (full 0):
 garbage-first heap   total 48128K, used 33856K [0x0000000091000000, 0x0000000100000000)
  region size 1024K, 21 young (21504K), 3 survivors (3072K)
 Metaspace       used 32615K, committed 33024K, reserved 1114112K
  class space    used 4228K, committed 4416K, reserved 1048576K
}
Event: 6.490 GC heap after
{Heap after GC invocations=8 (full 0):
 garbage-first heap   total 48128K, used 17551K [0x0000000091000000, 0x0000000100000000)
  region size 1024K, 2 young (2048K), 2 survivors (2048K)
 Metaspace       used 32615K, committed 33024K, reserved 1114112K
  class space    used 4228K, committed 4416K, reserved 1048576K
}
Event: 6.905 GC heap before
{Heap before GC invocations=8 (full 0):
 garbage-first heap   total 48128K, used 27791K [0x0000000091000000, 0x0000000100000000)
  region size 1024K, 14 young (14336K), 2 survivors (2048K)
 Metaspace       used 35559K, committed 35968K, reserved 1114112K
  class space    used 4738K, committed 4928K, reserved 1048576K
}
Event: 6.908 GC heap after
{Heap after GC invocations=9 (full 0):
 garbage-first heap   total 48128K, used 18040K [0x0000000091000000, 0x0000000100000000)
  region size 1024K, 2 young (2048K), 2 survivors (2048K)
 Metaspace       used 35559K, committed 35968K, reserved 1114112K
  class space    used 4738K, committed 4928K, reserved 1048576K
}
Event: 7.577 GC heap before
{Heap before GC invocations=10 (full 0):
 garbage-first heap   total 48128K, used 35448K [0x0000000091000000, 0x0000000100000000)
  region size 1024K, 20 young (20480K), 2 survivors (2048K)
 Metaspace       used 44074K, committed 44608K, reserved 1114112K
  class space    used 5767K, committed 6016K, reserved 1048576K
}
Event: 7.581 GC heap after
{Heap after GC invocations=11 (full 0):
 garbage-first heap   total 48128K, used 20308K [0x0000000091000000, 0x0000000100000000)
  region size 1024K, 3 young (3072K), 3 survivors (3072K)
 Metaspace       used 44074K, committed 44608K, reserved 1114112K
  class space    used 5767K, committed 6016K, reserved 1048576K
}
Event: 7.608 GC heap before
{Heap before GC invocations=11 (full 0):
 garbage-first heap   total 48128K, used 21332K [0x0000000091000000, 0x0000000100000000)
  region size 1024K, 4 young (4096K), 3 survivors (3072K)
 Metaspace       used 44334K, committed 44800K, reserved 1114112K
  class space    used 5805K, committed 6016K, reserved 1048576K
}
Event: 7.613 GC heap after
{Heap after GC invocations=12 (full 0):
 garbage-first heap   total 48128K, used 20369K [0x0000000091000000, 0x0000000100000000)
  region size 1024K, 1 young (1024K), 1 survivors (1024K)
 Metaspace       used 44334K, committed 44800K, reserved 1114112K
  class space    used 5805K, committed 6016K, reserved 1048576K
}
Event: 8.062 GC heap before
{Heap before GC invocations=12 (full 0):
 garbage-first heap   total 48128K, used 35729K [0x0000000091000000, 0x0000000100000000)
  region size 1024K, 17 young (17408K), 1 survivors (1024K)
 Metaspace       used 47898K, committed 48384K, reserved 1114112K
  class space    used 6272K, committed 6464K, reserved 1048576K
}
Event: 8.064 GC heap after
{Heap after GC invocations=13 (full 0):
 garbage-first heap   total 48128K, used 21068K [0x0000000091000000, 0x0000000100000000)
  region size 1024K, 2 young (2048K), 2 survivors (2048K)
 Metaspace       used 47898K, committed 48384K, reserved 1114112K
  class space    used 6272K, committed 6464K, reserved 1048576K
}
Event: 8.521 GC heap before
{Heap before GC invocations=13 (full 0):
 garbage-first heap   total 48128K, used 36428K [0x0000000091000000, 0x0000000100000000)
  region size 1024K, 17 young (17408K), 2 survivors (2048K)
 Metaspace       used 52689K, committed 53120K, reserved 1114112K
  class space    used 7100K, committed 7296K, reserved 1048576K
}
Event: 8.524 GC heap after
{Heap after GC invocations=14 (full 0):
 garbage-first heap   total 48128K, used 21771K [0x0000000091000000, 0x0000000100000000)
  region size 1024K, 2 young (2048K), 2 survivors (2048K)
 Metaspace       used 52689K, committed 53120K, reserved 1114112K
  class space    used 7100K, committed 7296K, reserved 1048576K
}
Event: 9.134 GC heap before
{Heap before GC invocations=14 (full 0):
 garbage-first heap   total 48128K, used 38155K [0x0000000091000000, 0x0000000100000000)
  region size 1024K, 18 young (18432K), 2 survivors (2048K)
 Metaspace       used 56420K, committed 56960K, reserved 1114112K
  class space    used 7625K, committed 7872K, reserved 1048576K
}
Event: 9.138 GC heap after
{Heap after GC invocations=15 (full 0):
 garbage-first heap   total 48128K, used 22798K [0x0000000091000000, 0x0000000100000000)
  region size 1024K, 2 young (2048K), 2 survivors (2048K)
 Metaspace       used 56420K, committed 56960K, reserved 1114112K
  class space    used 7625K, committed 7872K, reserved 1048576K
}
Event: 9.526 GC heap before
{Heap before GC invocations=15 (full 0):
 garbage-first heap   total 48128K, used 38158K [0x0000000091000000, 0x0000000100000000)
  region size 1024K, 17 young (17408K), 2 survivors (2048K)
 Metaspace       used 58599K, committed 59136K, reserved 1114112K
  class space    used 7922K, committed 8192K, reserved 1048576K
}
Event: 9.529 GC heap after
{Heap after GC invocations=16 (full 0):
 garbage-first heap   total 48128K, used 23777K [0x0000000091000000, 0x0000000100000000)
  region size 1024K, 3 young (3072K), 3 survivors (3072K)
 Metaspace       used 58599K, committed 59136K, reserved 1114112K
  class space    used 7922K, committed 8192K, reserved 1048576K
}
Event: 9.721 GC heap before
{Heap before GC invocations=16 (full 0):
 garbage-first heap   total 48128K, used 35041K [0x0000000091000000, 0x0000000100000000)
  region size 1024K, 15 young (15360K), 3 survivors (3072K)
 Metaspace       used 59803K, committed 60288K, reserved 1114112K
  class space    used 8085K, committed 8320K, reserved 1048576K
}
Event: 9.723 GC heap after
{Heap after GC invocations=17 (full 0):
 garbage-first heap   total 48128K, used 24233K [0x0000000091000000, 0x0000000100000000)
  region size 1024K, 2 young (2048K), 2 survivors (2048K)
 Metaspace       used 59803K, committed 60288K, reserved 1114112K
  class space    used 8085K, committed 8320K, reserved 1048576K
}

